\BOOKMARK [1][-]{section.1}{Introduction}{}% 1
\BOOKMARK [1][-]{section.2}{Data}{}% 2
\BOOKMARK [1][-]{section.3}{Markov Model}{}% 3
\BOOKMARK [2][-]{subsection.3.1}{Cross state}{section.3}% 4
\BOOKMARK [1][-]{section.4}{Correlation between score and head pose}{}% 5
\BOOKMARK [1][-]{section.5}{Submission of papers to NeurIPS 2018}{}% 6
\BOOKMARK [2][-]{subsection.5.1}{Style}{section.5}% 7
\BOOKMARK [2][-]{subsection.5.2}{Retrieval of style files}{section.5}% 8
\BOOKMARK [1][-]{section.6}{Related Work}{}% 9
\BOOKMARK [1][-]{section.7}{Problem formulation}{}% 10
\BOOKMARK [1][-]{section.8}{Headings: first level}{}% 11
\BOOKMARK [2][-]{subsection.8.1}{Headings: second level}{section.8}% 12
\BOOKMARK [3][-]{subsubsection.8.1.1}{Headings: third level}{subsection.8.1}% 13
\BOOKMARK [1][-]{section.9}{Citations, figures, tables, references}{}% 14
\BOOKMARK [2][-]{subsection.9.1}{Citations within the text}{section.9}% 15
\BOOKMARK [2][-]{subsection.9.2}{Footnotes}{section.9}% 16
\BOOKMARK [2][-]{subsection.9.3}{Figures}{section.9}% 17
\BOOKMARK [2][-]{subsection.9.4}{Tables}{section.9}% 18
\BOOKMARK [1][-]{section.10}{Final instructions}{}% 19
\BOOKMARK [1][-]{section.11}{Preparing PDF files}{}% 20
\BOOKMARK [2][-]{subsection.11.1}{Margins in LaTeX}{section.11}% 21
